<?xml version="1.0" encoding="UTF-8"?>
<!-- Generated by org.testng.reporters.JUnitReportReporter -->
<testsuite hostname="LAPTOP-GAUPM6CM" failures="0" tests="1" name="regression.ValidateLogin" time="10.306" errors="0" timestamp="2023-07-20T20:24:26 IST" skipped="0">
  <testcase classname="regression.ValidateLogin" name="validateLoginTest" time="10.306"/>
  <system-out/>
</testsuite> <!-- regression.ValidateLogin -->
